<?xml version="1.0" encoding="UTF-8"?>
<!-- Generated by org.testng.reporters.JUnitXMLReporter -->
<testsuite ignored="0" hostname="DESKTOP-7U1I0JC" failures="0" tests="8" name="Default test" time="2.355" errors="0" timestamp="2024-04-27T00:16:27 GST">
  <testcase classname="HomePage.HomePagetestcases" name="CheckTheBottonPayAvailable" time="0.063"/>
  <testcase classname="HomePage.HomePagetestcases" name="CheckTheBottonVisaAvailable" time="0.046"/>
  <testcase classname="HomePage.HomePagetestcases" name="CheckTheDefaultCurruncy" time="0.047"/>
  <testcase classname="HomePage.HomePagetestcases" name="CheckTheDefaultLanguageisEnglish" time="0.043"/>
  <testcase classname="HomePage.HomePagetestcases" name="CheckTheDefaultNumber" time="0.034"/>
  <testcase classname="HomePage.HomePagetestcases" name="CheckTheHotelTapIsNotSelectedByDefault" time="0.036"/>
  <testcase classname="HomePage.HomePagetestcases" name="FlightDeparture" time="0.04"/>
  <testcase classname="HomePage.HomePagetestcases" name="FlightReturn" time="0.032"/>
</testsuite> <!-- Default test -->
