<?xml version="1.0" encoding="UTF-8"?>
<!-- Generated by org.testng.reporters.JUnitXMLReporter -->
<testsuite ignored="0" hostname="DESKTOP-7U1I0JC" failures="0" tests="3" name="Default test" time="2.501" errors="0" timestamp="2024-04-23T22:59:33 GST">
  <testcase classname="HomePage.HomePagetestcases" name="CheckTheDefaultCurruncy" time="0.042"/>
  <testcase classname="HomePage.HomePagetestcases" name="CheckTheDefaultLanguageisEnglish" time="0.051"/>
  <testcase classname="HomePage.HomePagetestcases" name="CheckTheDefaultNumber" time="0.042"/>
</testsuite> <!-- Default test -->
