<?xml version="1.0" encoding="UTF-8"?>
<testng-results ignored="0" total="3" passed="3" failed="0" skipped="0">
  <reporter-output>
  </reporter-output>
  <suite started-at="2024-04-23T22:59:31 GST" name="Default suite" finished-at="2024-04-23T22:59:33 GST" duration-ms="2501">
    <groups>
    </groups>
    <test started-at="2024-04-23T22:59:31 GST" name="Default test" finished-at="2024-04-23T22:59:33 GST" duration-ms="2501">
      <class name="HomePage.HomePagetestcases">
        <test-method is-config="true" signature="MySetup()[pri:0, instance:HomePage.HomePagetestcases@178213b]" started-at="2024-04-23T22:59:31 GST" name="MySetup" finished-at="2024-04-23T22:59:33 GST" duration-ms="2333" status="PASS">
          <reporter-output>
          </reporter-output>
        </test-method> <!-- MySetup -->
        <test-method signature="CheckTheDefaultCurruncy()[pri:0, instance:HomePage.HomePagetestcases@178213b]" started-at="2024-04-23T22:59:33 GST" name="CheckTheDefaultCurruncy" finished-at="2024-04-23T22:59:33 GST" duration-ms="42" status="PASS">
          <reporter-output>
          </reporter-output>
        </test-method> <!-- CheckTheDefaultCurruncy -->
        <test-method signature="CheckTheDefaultLanguageisEnglish()[pri:0, instance:HomePage.HomePagetestcases@178213b]" started-at="2024-04-23T22:59:33 GST" name="CheckTheDefaultLanguageisEnglish" finished-at="2024-04-23T22:59:33 GST" duration-ms="51" status="PASS">
          <reporter-output>
          </reporter-output>
        </test-method> <!-- CheckTheDefaultLanguageisEnglish -->
        <test-method signature="CheckTheDefaultNumber()[pri:0, instance:HomePage.HomePagetestcases@178213b]" started-at="2024-04-23T22:59:33 GST" name="CheckTheDefaultNumber" finished-at="2024-04-23T22:59:33 GST" duration-ms="42" status="PASS">
          <reporter-output>
          </reporter-output>
        </test-method> <!-- CheckTheDefaultNumber -->
      </class> <!-- HomePage.HomePagetestcases -->
    </test> <!-- Default test -->
  </suite> <!-- Default suite -->
</testng-results>
